sample.interval=20000
"readLines" "summaryRprof" 
"readLines" "summaryRprof" 
"strsplit" "summaryRprof" 
"strsplit" "summaryRprof" 
"strsplit" "summaryRprof" 
"grepl" "FUN" "lapply" "summaryRprof" 
"lapply" "summaryRprof" 
"any" "format.data.frame" "as.matrix" "print.data.frame" "print" 
"match" "%in%" "str.default" "str" "<Anonymous>" "do.call" "strSub" "str.default" "str" "<Anonymous>" "do.call" "strSub" "str.default" "NextMethod" "str.data.frame" "str" "doTryCatch" "tryCatchOne" "tryCatchList" "tryCatch" "try" "eval" "eval" "withVisible" "evalVis" "capture.output" ".rs.valueFromStr" "doTryCatch" "tryCatchOne" "tryCatchList" "tryCatch" ".rs.valueContents" "<Anonymous>" 
"sys.function" "formals" "match.arg" "match" "encodeString" "str.default" "str" "<Anonymous>" "do.call" "strSub" "str.default" "str" "<Anonymous>" "do.call" "strSub" "str.default" "NextMethod" "str.data.frame" "str" "doTryCatch" "tryCatchOne" "tryCatchList" "tryCatch" "try" "eval" "eval" "withVisible" "evalVis" "capture.output" ".rs.valueFromStr" "doTryCatch" "tryCatchOne" "tryCatchList" "tryCatch" ".rs.valueContents" "<Anonymous>" 
"drawDetails" "drawGTree" "recordGraphics" "grid.draw.gTree" "NextMethod" "grid.draw.gTableChild" "grid.draw" "drawGTree" 
"grid.Call" "widthDetails.text" "widthDetails" "<Anonymous>" "grid.Call.graphics" "push.vp.viewport" "FUN" "lapply" "pushViewport" "preDrawDetails.gTableParent" "preDrawDetails" "preDraw.gTree" "preDraw" "drawGTree" "recordGraphics" "grid.draw.gTree" "grid.draw" "grid.draw.gtable" "grid.draw" "drawGTree" "recordGraphics" "grid.draw.gTree" "NextMethod" "grid.draw.absoluteGrob" "NextMethod" "grid.draw.gTableChild" "grid.draw" "drawGTree" 
"drawGrob" "recordGraphics" "grid.draw.grob" "NextMethod" "grid.draw.gTableChild" "grid.draw" "drawGTree" 
"grid.Call" "drawGTree" 
"postDrawDetails" "postDraw.grob" "postDraw" "drawGrob" "recordGraphics" "grid.draw.grob" "grid.draw" "drawGTree" "recordGraphics" "grid.draw.gTree" "NextMethod" "grid.draw.gTableChild" "grid.draw" "drawGTree" 
"grid.Call.graphics" "drawDetails.text" "drawDetails" "drawGrob" "recordGraphics" "grid.draw.grob" "NextMethod" "grid.draw.gTableChild" "grid.draw" "drawGTree" "recordGraphics" "grid.draw.gTree" "grid.draw" "grid.draw.gtable" "grid.draw" "drawGTree" "recordGraphics" "grid.draw.gTree" "NextMethod" "grid.draw.absoluteGrob" "NextMethod" "grid.draw.gTableChild" "grid.draw" "drawGTree" 
"length" "diff.default" "diff" "valid.viewport" "viewport" "<Anonymous>" "mapply" "grid.draw.gtable" "NextMethod" "grid.draw.gTableChild" "grid.draw" "drawGTree" "recordGraphics" "grid.draw.gTree" "NextMethod" "grid.draw.gTableChild" "grid.draw" "grid.draw.gtable" "NextMethod" "grid.draw.gTableChild" "grid.draw" "drawGTree" 
"set.gpar" "pushvpgp" "preDraw.grob" "<Anonymous>" "grid.Call.graphics" "push.vp.viewport" "FUN" "lapply" "pushViewport" "preDrawDetails.gTableParent" "preDrawDetails" "preDraw.gTree" "preDraw" "drawGTree" "recordGraphics" "grid.draw.gTree" "grid.draw" "grid.draw.gtable" "grid.draw" "drawGTree" "recordGraphics" "grid.draw.gTree" "NextMethod" "grid.draw.absoluteGrob" "NextMethod" "grid.draw.gTableChild" "grid.draw" "drawGTree" 
"paste" "as.character.path" "as.character" "as.character" "strsplit" "unlist" "[.vpPath" "[" "upViewport" "grid.draw.gTableChild" "grid.draw" "drawGTree" "recordGraphics" "grid.draw.gTree" "grid.draw" "grid.draw.gtable" "grid.draw" "drawGTree" "recordGraphics" "grid.draw.gTree" "NextMethod" "grid.draw.absoluteGrob" "NextMethod" "grid.draw.gTableChild" "grid.draw" "drawGTree" 
"[.vpPath" "[" "upViewport" "grid.draw.gTableChild" "grid.draw" "drawGTree" 
"grid.Call" "widthDetails.text" "widthDetails" "<Anonymous>" "grid.Call.graphics" "push.vp.viewport" "FUN" "lapply" "pushViewport" "preDrawDetails.gTableParent" "preDrawDetails" "preDraw.gTree" "preDraw" "drawGTree" 
"widthDetails" "<Anonymous>" "grid.Call.graphics" "push.vp.viewport" "FUN" "lapply" "pushViewport" "pushgrobvp.viewport" "pushgrobvp" "pushvpgp" "preDraw.gTree" "preDraw" "drawGTree" "recordGraphics" "grid.draw.gTree" "NextMethod" "grid.draw.absoluteGrob" "NextMethod" "grid.draw.gTableChild" "grid.draw" "drawGTree" 
"depth.path" "depth" "[.vpPath" "[" "upViewport" "grid.draw.gTableChild" "grid.draw" "drawGTree" "recordGraphics" "grid.draw.gTree" "grid.draw" "grid.draw.gtable" "grid.draw" "drawGTree" "recordGraphics" "grid.draw.gTree" "NextMethod" "grid.draw.absoluteGrob" "NextMethod" "grid.draw.gTableChild" "grid.draw" "drawGTree" 
"$<-" "set.gpar" "pushvpgp" "preDraw.grob" "preDraw" "drawGrob" "recordGraphics" "grid.draw.grob" "grid.draw" "drawGTree" "recordGraphics" "grid.draw.gTree" "grid.draw" "drawGTree" "recordGraphics" "grid.draw.gTree" "NextMethod" "grid.draw.gTableChild" "grid.draw" "drawGTree" 
"grid.Call.graphics" "drawDetails.text" "drawDetails" "drawGrob" "recordGraphics" "grid.draw.grob" "NextMethod" "grid.draw.gTableChild" "grid.draw" "drawGTree" "recordGraphics" "grid.draw.gTree" "grid.draw" "grid.draw.gtable" "grid.draw" "drawGTree" "recordGraphics" "grid.draw.gTree" "NextMethod" "grid.draw.absoluteGrob" "NextMethod" "grid.draw.gTableChild" "grid.draw" "drawGTree" 
"[[" "lapply" "sapply" "[.gList" "[" "setChildren" "gTree" "grid.draw.gtable" "NextMethod" "grid.draw.gTableChild" "grid.draw" "drawGTree" "recordGraphics" "grid.draw.gTree" "NextMethod" "grid.draw.gTableChild" "grid.draw" "grid.draw.gtable" "NextMethod" "grid.draw.gTableChild" "grid.draw" "drawGTree" 
"grid.Call.graphics" "drawDetails.rect" "drawDetails" "drawGrob" "recordGraphics" "grid.draw.grob" "grid.draw" "drawGTree" "recordGraphics" "grid.draw.gTree" "NextMethod" "grid.draw.gTableChild" "grid.draw" "drawGTree" 
"grid.Call" "widthDetails.text" "widthDetails" "<Anonymous>" "grid.Call.graphics" "push.vp.viewport" "FUN" "lapply" "pushViewport" "preDrawDetails.gTableParent" "preDrawDetails" "preDraw.gTree" "preDraw" "drawGTree" "recordGraphics" "grid.draw.gTree" "grid.draw" "grid.draw.gtable" "grid.draw" "drawGTree" "recordGraphics" "grid.draw.gTree" "NextMethod" "grid.draw.absoluteGrob" "NextMethod" "grid.draw.gTableChild" "grid.draw" "drawGTree" 
"push.vp.viewport" "FUN" "lapply" "pushViewport" "pushgrobvp.viewport" "pushgrobvp" "pushvpgp" "preDraw.gTree" "preDraw" "drawGTree" "recordGraphics" "grid.draw.gTree" "NextMethod" "grid.draw.gTableChild" "grid.draw" "grid.draw.gtable" "NextMethod" "grid.draw.gTableChild" "grid.draw" "drawGTree" 
".Call" "mutate_impl" "mutate_.tbl_df" "mutate_" "mutate" "<Anonymous>" "freduce" "_fseq" "eval" "eval" "withVisible" "%>%" 
"eval" "FUN" "lapply" "strSub" "str.default" "str" "<Anonymous>" "do.call" "strSub" "str.default" "NextMethod" "str.data.frame" "str" "doTryCatch" "tryCatchOne" "tryCatchList" "tryCatch" "try" "eval" "eval" "withVisible" "evalVis" "capture.output" ".rs.valueFromStr" "doTryCatch" "tryCatchOne" "tryCatchList" "tryCatch" ".rs.valueContents" "<Anonymous>" 
"match" "%in%" "deparse" "eval" "match.arg" "match" "encodeString" "str.default" "str" "<Anonymous>" "do.call" "strSub" "str.default" "str" "<Anonymous>" "do.call" "strSub" "str.default" "NextMethod" "str.data.frame" "str" "doTryCatch" "tryCatchOne" "tryCatchList" "tryCatch" "try" "eval" "eval" "withVisible" "evalVis" "capture.output" ".rs.valueFromStr" "doTryCatch" "tryCatchOne" "tryCatchList" "tryCatch" ".rs.valueContents" "<Anonymous>" 
"paste" "formObj" "cat" "str.default" "str" "<Anonymous>" "do.call" "strSub" "str.default" "str" "<Anonymous>" "do.call" "strSub" "str.default" "NextMethod" "str.data.frame" "str" "doTryCatch" "tryCatchOne" "tryCatchList" "tryCatch" "try" "eval" "eval" "withVisible" "evalVis" "capture.output" ".rs.valueFromStr" "doTryCatch" "tryCatchOne" "tryCatchList" "tryCatch" ".rs.valueContents" "<Anonymous>" 
"cat" "str.default" "str" "<Anonymous>" "do.call" "strSub" "str.default" "str" "<Anonymous>" "do.call" "strSub" "str.default" "NextMethod" "str.data.frame" "str" "doTryCatch" "tryCatchOne" "tryCatchList" "tryCatch" "try" "eval" "eval" "withVisible" "evalVis" "capture.output" ".rs.valueFromStr" "doTryCatch" "tryCatchOne" "tryCatchList" "tryCatch" ".rs.valueContents" "<Anonymous>" 
"any" "scale_apply" "train_position" "ggplot_build" "print.ggplot" "print" "ggsave" 
"max" "seq.default" "seq" "<Anonymous>" "<Anonymous>" "scale_breaks.continuous" "scale_breaks" "scale_break_info.continuous" "scale_break_info" "train_cartesian" "coord_train.cartesian" "coord_train" "<Anonymous>" "mapply" "Map" "train_ranges" "ggplot_build" "print.ggplot" "print" "ggsave" 
"alpha" "match" "numnotnull" "validGP" "gpar" "grob" "rectGrob" "grobName" "ggname" "eval" "eval" "with.default" "with" "<Anonymous>" "<Anonymous>" "<Anonymous>" "<Anonymous>" "do.call" "<Anonymous>" "<Anonymous>" ".fun" "<Anonymous>" ".Call" "loop_apply" "llply" "dlply" "<Anonymous>" "mapply" "Map" "ggplot_gtable" "print.ggplot" "print" "ggsave" 
".deparseOpts" "deparse" "paste" "force" "as.data.frame.numeric" "as.data.frame" "data.frame" "gtable" "gtable_row" "guide_axis" "coord_render_axis_v.default" "coord_render_axis_v" "FUN" "lapply" "facet_axes.wrap" "facet_axes" "facet_render.wrap" "facet_render" "ggplot_gtable" "print.ggplot" "print" "ggsave" 
"rgb" "nice_rgb" "<Anonymous>" "scale_map.continuous" "scale_map" "data.frame" "guide_train.colorbar" "guide_train" "guides_train" "build_guides" "ggplot_gtable" "print.ggplot" "print" "ggsave" 
".row_names_info" "$<-.data.frame" "$<-" "gtable_add_cols" "ggplot_gtable" "print.ggplot" "print" "ggsave" 
"is.na" "sort.int" "sort.default" "sort" "as.factor" "split.default" "split" "drawDetails.polyline" "drawDetails" "drawGrob" "recordGraphics" "grid.draw.grob" "NextMethod" "grid.draw.gTableChild" "grid.draw" "drawGTree" "recordGraphics" "grid.draw.gTree" "grid.draw" "grid.draw.gtable" "grid.draw" "drawGTree" "recordGraphics" "grid.draw.gTree" "NextMethod" "grid.draw.absoluteGrob" "NextMethod" "grid.draw.gTableChild" "grid.draw" "drawGTree" "recordGraphics" "grid.draw.gTree" "grid.draw" "grid.draw.gtable" "grid.draw" "print.ggplot" "print" "ggsave" 
"length" "length" "dim.gtable" "dim" "dim" "nrow" "valid.layout" "grid.layout" "gtable_layout" "valid.viewport" "viewport" "gTree" "grid.draw.gtable" "NextMethod" "grid.draw.gTableChild" "grid.draw" "drawGTree" "recordGraphics" "grid.draw.gTree" "NextMethod" "grid.draw.gTableChild" "grid.draw" "grid.draw.gtable" "NextMethod" "grid.draw.gTableChild" "grid.draw" "drawGTree" "recordGraphics" "grid.draw.gTree" "grid.draw" "grid.draw.gtable" "grid.draw" "print.ggplot" "print" "ggsave" 
"do.call" "strSub" "str.default" "str" "<Anonymous>" "do.call" "strSub" "str.default" "NextMethod" "str.data.frame" "str" "<Anonymous>" "do.call" "strSub" "str.default" "str" "doTryCatch" "tryCatchOne" "tryCatchList" "tryCatch" "try" "eval" "eval" "withVisible" "evalVis" "capture.output" ".rs.valueFromStr" "doTryCatch" "tryCatchOne" "tryCatchList" "tryCatch" ".rs.valueContents" "<Anonymous>" 
"eval" "FUN" "lapply" "strSub" "str.default" "NextMethod" "str.data.frame" "str" "<Anonymous>" "do.call" "strSub" "str.default" "str" "doTryCatch" "tryCatchOne" "tryCatchList" "tryCatch" "try" "eval" "eval" "withVisible" "evalVis" "capture.output" ".rs.valueFromStr" "doTryCatch" "tryCatchOne" "tryCatchList" "tryCatch" ".rs.valueContents" "<Anonymous>" 
"cat" "str.default" "str" "<Anonymous>" "do.call" "strSub" "str.default" "str" "<Anonymous>" "do.call" "strSub" "str.default" "NextMethod" "str.data.frame" "str" "<Anonymous>" "do.call" "strSub" "str.default" "str" "doTryCatch" "tryCatchOne" "tryCatchList" "tryCatch" "try" "eval" "eval" "withVisible" "evalVis" "capture.output" ".rs.valueFromStr" "doTryCatch" "tryCatchOne" "tryCatchList" "tryCatch" ".rs.valueContents" "<Anonymous>" 
"strSub" "str.default" "str" "<Anonymous>" "do.call" "strSub" "str.default" "NextMethod" "str.data.frame" "str" "<Anonymous>" "do.call" "strSub" "str.default" "str" "doTryCatch" "tryCatchOne" "tryCatchList" "tryCatch" "try" "eval" "eval" "withVisible" "evalVis" "capture.output" ".rs.valueFromStr" "doTryCatch" "tryCatchOne" "tryCatchList" "tryCatch" ".rs.valueContents" "<Anonymous>" 
"lapply" "strSub" "str.default" "str" "<Anonymous>" "do.call" "strSub" "str.default" "str" "<Anonymous>" "do.call" "strSub" "str.default" "str" "doTryCatch" "tryCatchOne" "tryCatchList" "tryCatch" "try" "eval" "eval" "withVisible" "evalVis" "capture.output" ".rs.valueFromStr" "doTryCatch" "tryCatchOne" "tryCatchList" "tryCatch" ".rs.valueContents" "<Anonymous>" 
"modifyList" "str.default" "str" "<Anonymous>" "do.call" "strSub" "str.default" "str" "<Anonymous>" "do.call" "strSub" "str.default" "str" "doTryCatch" "tryCatchOne" "tryCatchList" "tryCatch" "try" "eval" "eval" "withVisible" "evalVis" "capture.output" ".rs.valueFromStr" "doTryCatch" "tryCatchOne" "tryCatchList" "tryCatch" ".rs.valueContents" "<Anonymous>" 
"eval.quoted" "quoted_df" "locate_wrap" "facet_map_layout.wrap" "facet_map_layout" "FUN" "lapply" "map_layout" "ggplot_build" "print.ggplot" "print" 
"lapply" "FUN" "lapply" "scale_apply" "train_position" "ggplot_build" "print.ggplot" "print" 
"*" ".simplicity" "<Anonymous>" "<Anonymous>" "scale_breaks.continuous" "scale_breaks" "scale_break_info.continuous" "scale_break_info" "train_cartesian" "coord_train.cartesian" "coord_train" "<Anonymous>" "mapply" "Map" "train_ranges" "ggplot_build" "print.ggplot" "print" 
"diff.default" "diff" "rescale" "FUN" "lapply" "transform_position" "coord_transform.cartesian" "coord_transform" "with" "<Anonymous>" "<Anonymous>" "<Anonymous>" "<Anonymous>" "do.call" "<Anonymous>" "<Anonymous>" ".fun" "<Anonymous>" ".Call" "loop_apply" "llply" "dlply" "<Anonymous>" "mapply" "Map" "ggplot_gtable" "print.ggplot" "print" 
"match" "numnotnull" "validGP" "gpar" "element_grob.element_line" "element_grob" "grobName" "ggname" "element_render" "gList" "setChildren" "gTree" "grobTree" "grobName" "ggname" "guide_grid" "coord_render_bg.default" "coord_render_bg" "FUN" "lapply" "facet_panels.wrap" "facet_panels" "facet_render.wrap" "facet_render" "ggplot_gtable" "print.ggplot" "print" 
"match" "%in%" ".deparseOpts" "deparse" "mode" "match" "%in%" "deparse" "as.data.frame.character" "as.data.frame" "data.frame" "gtable_add_grob" "gtable_row" "guide_axis" "coord_render_axis_v.default" "coord_render_axis_v" "FUN" "lapply" "facet_axes.wrap" "facet_axes" "facet_render.wrap" "facet_render" "ggplot_gtable" "print.ggplot" "print" 
"match" "%in%" "grobUnit" "dataUnit" "recycle.data" "lapply" "sapply" "valid.data" "valid.unit" "unit" "FUN" "lapply" "do.call" "compute_grob_widths" "facet_render.wrap" "facet_render" "ggplot_gtable" "print.ggplot" "print" 
"grobUnit" "valid.data" "valid.unit" "unit" "grobWidth.grob" "grobWidth" "is.unit" "convertUnit" "convertWidth" "guide_gengrob.colorbar" "FUN" "lapply" "guides_gengrob" "build_guides" "ggplot_gtable" "print.ggplot" "print" 
"paste" "vpname" "mapply" "grid.draw.gtable" "grid.draw" "print.ggplot" "print" 
"grid.Call" "widthDetails.text" "widthDetails" "<Anonymous>" "grid.Call.graphics" "push.vp.viewport" "FUN" "lapply" "pushViewport" "preDrawDetails.gTableParent" "preDrawDetails" "preDraw.gTree" "preDraw" "drawGTree" "recordGraphics" "grid.draw.gTree" "grid.draw" "grid.draw.gtable" "grid.draw" "drawGTree" "recordGraphics" "grid.draw.gTree" "NextMethod" "grid.draw.absoluteGrob" "NextMethod" "grid.draw.gTableChild" "grid.draw" "drawGTree" "recordGraphics" "grid.draw.gTree" "grid.draw" "grid.draw.gtable" "grid.draw" "print.ggplot" "print" 
"grid.Call.graphics" "drawDetails.text" "drawDetails" "drawGrob" "recordGraphics" "grid.draw.grob" "NextMethod" "grid.draw.gTableChild" "grid.draw" "drawGTree" "recordGraphics" "grid.draw.gTree" "grid.draw" "grid.draw.gtable" "grid.draw" "drawGTree" "recordGraphics" "grid.draw.gTree" "NextMethod" "grid.draw.absoluteGrob" "NextMethod" "grid.draw.gTableChild" "grid.draw" "drawGTree" "recordGraphics" "grid.draw.gTree" "grid.draw" "grid.draw.gtable" "grid.draw" "print.ggplot" "print" 
"paste" "vpPathFromVector" "current.vpPath" "upViewport" "postDrawDetails.gTableParent" "postDrawDetails" "postDraw.grob" "postDraw" "drawGTree" "recordGraphics" "grid.draw.gTree" "NextMethod" "grid.draw.gTableChild" "grid.draw" "grid.draw.gtable" "NextMethod" "grid.draw.gTableChild" "grid.draw" "drawGTree" "recordGraphics" "grid.draw.gTree" "NextMethod" "grid.draw.gTableChild" "grid.draw" "grid.draw.gtable" "NextMethod" "grid.draw.gTableChild" "grid.draw" "dra